Arguments: 
  /home/ubuntu/.nvm/versions/node/v16.10.0/bin/node /usr/share/yarn/bin/yarn.js add react-native-sha256

PATH: 
  /home/ubuntu/.nvm/versions/node/v16.10.0/bin:/usr/local/sbin:/usr/local/bin:/usr/sbin:/usr/bin:/sbin:/bin:/usr/games:/usr/local/games:/snap/bin:/snap/bin

Yarn version: 
  1.22.15

Node version: 
  16.10.0

Platform: 
  linux x64

Trace: 
  Error: https://registry.yarnpkg.com/rxjs/-/rxjs-6.6.7.tgz: ESOCKETTIMEDOUT
      at ClientRequest.<anonymous> (/usr/share/yarn/lib/cli.js:141512:19)
      at Object.onceWrapper (node:events:509:28)
      at ClientRequest.emit (node:events:390:28)
      at TLSSocket.emitRequestTimeout (node:_http_client:761:9)
      at Object.onceWrapper (node:events:509:28)
      at TLSSocket.emit (node:events:402:35)
      at TLSSocket.Socket._onTimeout (node:net:486:8)
      at listOnTimeout (node:internal/timers:557:17)
      at processTimers (node:internal/timers:500:7)

npm manifest: 
  {
    "name": "react-sketchpad",
    "version": "0.0.3",
    "description": "Sketch pad created with canvas",
    "main": "index.js",
    "scripts": {
      "prepublish": "npm run lint && npm run build",
      "build": "babel ./src -d ./lib --ignore '__tests__'",
      "lint": "eslint -c .eslintrc src",
      "lint:fix": "eslint -c .eslintrc src --fix"
    },
    "repository": {
      "type": "git",
      "url": "git+https://github.com/svrcekmichal/react-sketchpad.git"
    },
    "keywords": [],
    "author": "",
    "license": "MIT",
    "bugs": {
      "url": "https://github.com/svrcekmichal/react-sketchpad/issues"
    },
    "homepage": "https://github.com/svrcekmichal/react-sketchpad#readme",
    "dependencies": {
      "bower": "^1.8.12",
      "canvas": "^2.8.0",
      "lint": "^0.7.0",
      "react": "^0.14.0 || ^15.0.0",
      "react-dom": "^0.14.0 || ^15.0.0",
      "uuid": "^2.0.0",
      "yarn": "^1.22.15"
    },
    "devDependencies": {
      "babel-cli": "^6.7.5",
      "babel-eslint": "^6.0.2",
      "babel-plugin-transform-class-properties": "^6.6.0",
      "babel-plugin-transform-object-rest-spread": "^6.6.5",
      "babel-preset-es2015": "^6.6.0",
      "babel-preset-react": "^6.5.0",
      "eslint": "^2.7.0",
      "eslint-config-airbnb": "^7.0.0",
      "eslint-plugin-import": "^1.4.0",
      "eslint-plugin-jsx-a11y": "^0.6.2",
      "eslint-plugin-react": "^4.3.0"
    }
  }

yarn manifest: 
  No manifest

Lockfile: 
  No lockfile
